<?xml version="1.0" encoding="UTF-8"?>
<testsuite name="com.parkingLot.parkingLotSystemTest" tests="1" skipped="1" failures="0" errors="0" timestamp="2019-12-27T04:20:32" hostname="bridgelabz" time="85.973">
  <properties/>
  <testcase name="givenCarSlotNumber_ShouldUnParkCarOnThatSlot" classname="com.parkingLot.parkingLotSystemTest" time="85.973">
    <skipped/>
  </testcase>
  <system-out><![CDATA[]]></system-out>
  <system-err><![CDATA[]]></system-err>
</testsuite>
