<?xml version="1.0" encoding="UTF-8"?>
<testsuite name="com.parkingLot.parkingLotSystemTest" tests="2" skipped="0" failures="0" errors="0" timestamp="2019-12-27T04:18:40" hostname="bridgelabz" time="0.617">
  <properties/>
  <testcase name="givenCarSlotNumber_ShouldUnParkCarOnThatSlot" classname="com.parkingLot.parkingLotSystemTest" time="0.615"/>
  <testcase name="givenCarDetailsAndSlotNumber_ShouldParkCarOnThatSlot" classname="com.parkingLot.parkingLotSystemTest" time="0.002"/>
  <system-out><![CDATA[]]></system-out>
  <system-err><![CDATA[]]></system-err>
</testsuite>
