<?xml version="1.0" encoding="UTF-8"?>
<testsuite name="com.parkingLot.parkingLotSystemTest" tests="1" skipped="0" failures="0" errors="0" timestamp="2019-12-24T12:28:30" hostname="bridgelabz" time="0.001">
  <properties/>
  <testcase name="givenCarDetails_ShouldReturnCount100" classname="com.parkingLot.parkingLotSystemTest" time="0.001"/>
  <system-out><![CDATA[]]></system-out>
  <system-err><![CDATA[]]></system-err>
</testsuite>
